========================================
   ACT Project - Running All Tests
========================================

Current directory: C:\Users\Nitropc\Desktop\ACT

========================================
   Running Unit Tests
========================================

Running unit tests...
This may take a few minutes...

================================================= test session starts =================================================
platform win32 -- Python 3.12.10, pytest-9.0.1, pluggy-1.6.0 -- C:\Users\Nitropc\AppData\Local\Microsoft\WindowsApps\PythonSoftwareFoundation.Python.3.12_qbz5n2kfra8p0\python.exe
cachedir: .pytest_cache
PySide6 6.10.1 -- Qt runtime 6.10.1 -- Qt compiled 6.10.1
rootdir: C:\Users\Nitropc\Desktop\ACT
configfile: pytest.ini
plugins: anyio-3.7.1, asyncio-1.3.0, cov-7.0.0, qt-4.5.0
asyncio: mode=Mode.AUTO, debug=False, asyncio_default_fixture_loop_scope=None, asyncio_default_test_loop_scope=function
collected 207 items

[Full test output saved for reference - see actual run above]

========================================
   Unit Tests Complete
========================================
[FAIL] Unit Tests: SOME FAILED

========================================
   Running Integration Tests
========================================

[Full integration test output saved for reference - see actual run above]

========================================
   Integration Tests Complete
========================================
[FAIL] Integration Tests: SOME FAILED

========================================
   Final Test Summary
========================================
[FAIL] Unit Tests: FAILED
[FAIL] Integration Tests: FAILED

========================================
   Some tests FAILED
========================================

KEY ISSUES IDENTIFIED:

Unit Tests:
- test_provider_list_populated: QThread warning (minor)
- 1 test failed (need to identify)

Integration Tests:
1. test_scraper_real.py (7 ERRORS): GenericScraper needs base_url parameter
2. UI tests (33 ERRORS): Using qt_application fixture instead of qapp
3. test_provider_manager_initializes: Checking for non-existent get_voices method
4. test_edge_tts_working_provider_loads_voices: Provider edge_tts_working not found
5. test_voice_manager_find_specific_voice: Voice name format changed
6. test_tts_engine_multiple_voices_legacy: NameError - results not defined
7. test_resume_functionality: Voice es-ES-ElviraNeural not found (wrong voice in config?)

